<?xml version="1.0" encoding="UTF-8"?>
<!-- Generated by org.testng.reporters.JUnitReportReporter -->
<testsuite skipped="0" hostname="SARAVANANR" name="com.ind.arise.AriseFramework1.GoogleSearchTest" tests="1" failures="0" timestamp="2021-09-13T16:07:39 IST" time="4.280" errors="0">
  <testcase name="TS001" time="4.280" classname="com.ind.arise.AriseFramework1.GoogleSearchTest"/>
  <system-out/>
</testsuite> <!-- com.ind.arise.AriseFramework1.GoogleSearchTest -->
