<?xml version="1.0" encoding="UTF-8"?>
<!-- Generated by org.testng.reporters.JUnitReportReporter -->
<testsuite skipped="0" hostname="SARAVANANR" name="com.ind.arise.AriseFramework1.AmazonProductTest" tests="1" failures="0" timestamp="2021-09-13T17:31:14 IST" time="7.062" errors="0">
  <testcase name="TS001" time="7.062" classname="com.ind.arise.AriseFramework1.AmazonProductTest"/>
  <system-out/>
</testsuite> <!-- com.ind.arise.AriseFramework1.AmazonProductTest -->
