<?xml version="1.0" encoding="UTF-8"?>
<!-- Generated by org.testng.reporters.JUnitReportReporter -->
<testsuite skipped="0" hostname="SARAVANANR" name="com.ind.arise.AriseFramework1.AmazonTitleTest" tests="1" failures="0" timestamp="2021-09-13T17:31:14 IST" time="5.227" errors="0">
  <testcase name="TS002" time="5.227" classname="com.ind.arise.AriseFramework1.AmazonTitleTest"/>
  <system-out/>
</testsuite> <!-- com.ind.arise.AriseFramework1.AmazonTitleTest -->
